<?xml version="1.0" encoding="UTF-8"?>
<!-- Generated by org.testng.reporters.JUnitReportReporter -->
<testsuite hostname="DESKTOP-OG1P3UF" failures="0" tests="1" name="gitpratice.GitCommand_2" time="0.315" errors="0" timestamp="2 Aug 2022 09:11:12 GMT">
  <testcase classname="gitpratice.GitCommand_2" name="test1" time="0.315"/>
</testsuite> <!-- gitpratice.GitCommand_2 -->
